\BOOKMARK [1][-]{section.1}{\376\377\000G\000i\036\333\000i\000\040\000t\000h\000i\036\307\000u}{}% 1
\BOOKMARK [1][-]{section.2}{\376\377\000C\000\341\000c\000\040\000c\000\364\000n\000g\000\040\000t\000r\000\354\000n\000h\000\040\000l\000i\000\352\000n\000\040\000q\000u\000a\000n}{}% 2
\BOOKMARK [2][-]{subsection.2.1}{\376\377\000P\000h\001\260\001\241\000n\000g\000\040\000p\000h\000\341\000p\000\040\000t\000h\036\321\000n\000g\000\040\000k\000\352\000\040\000v\000\340\000\040\000m\000\364\000\040\000h\000\354\000n\000h\000\040\000G\000M\000M\000-\000H\000M\000M}{section.2}% 3
\BOOKMARK [2][-]{subsection.2.2}{\376\377\000M\036\241\000n\000g\000\040\000N\001\241\000-\000r\000o\000n\000\040\000T\000\355\000c\000h\000\040\000c\000h\036\255\000p\000\040\000\050\000C\000N\000N\000\051\000\040\000v\000\340\000\040\000K\000i\036\277\000n\000\040\000t\000r\000\372\000c\000\040\000L\000a\000i\000\040\000g\000h\000\351\000p\000\040\000\050\000H\000y\000b\000r\000i\000d\000\040\000M\000o\000d\000e\000l\000s\000\051}{section.2}% 4
\BOOKMARK [2][-]{subsection.2.3}{\376\377\000K\000i\036\277\000n\000\040\000t\000r\000\372\000c\000\040\000T\000r\000a\000n\000s\000f\000o\000r\000m\000e\000r\000\040\000v\000\340\000\040\000V\000i\000s\000i\000o\000n\000\040\000T\000r\000a\000n\000s\000f\000o\000r\000m\000e\000r\000\040\000\050\000V\000i\000T\000\051}{section.2}% 5
\BOOKMARK [2][-]{subsection.2.4}{\376\377\000A\000u\000d\000i\000o\000\040\000S\000p\000e\000c\000t\000r\000o\000g\000r\000a\000m\000\040\000T\000r\000a\000n\000s\000f\000o\000r\000m\000e\000r\000\040\000\050\000A\000S\000T\000\051}{section.2}% 6
\BOOKMARK [1][-]{section.3}{\376\377\000C\000\340\000i\000\040\001\021\036\267\000t\000\040\000m\000\364\000\040\000h\000\354\000n\000h}{}% 7
\BOOKMARK [1][-]{section.4}{\376\377\000M\000\364\000\040\000t\036\243\000\040\000t\036\255\000p\000\040\000d\036\357\000\040\000l\000i\036\307\000u}{}% 8
\BOOKMARK [1][-]{section.5}{\376\377\000C\000\340\000i\000\040\001\021\001\003\000t\000\040\000t\000h\036\355\000\040\000n\000g\000h\000i\036\307\000m\000\040\000c\036\347\000a\000\040\000t\000\341\000c\000\040\000g\000i\036\243\000\040\000Y\000u\000a\000n\000G\000o\000n\000g\000N\000D}{}% 9
\BOOKMARK [2][-]{subsection.5.1}{\376\377\000M\000\364\000i\000\040\000t\000r\001\260\036\335\000n\000g\000\040\000t\036\321\000i\000\040\001\260\000u\000\040\000h\000o\000\341\000\040\000v\000\340\000\040\000h\000u\036\245\000n\000\040\000l\000u\000y\036\307\000n}{section.5}% 10
\BOOKMARK [2][-]{subsection.5.2}{\376\377\000X\036\355\000\040\000l\000\375\000\040\000d\036\357\000\040\000l\000i\036\307\000u\000\040\000v\000\340\000\040\000t\001\003\000n\000g\000\040\000c\001\260\036\335\000n\000g\000\040\000\050\000A\000u\000g\000m\000e\000n\000t\000a\000t\000i\000o\000n\000\051}{section.5}% 11
\BOOKMARK [2][-]{subsection.5.3}{\376\377\000C\036\245\000u\000\040\000h\000\354\000n\000h\000\040\000c\000h\000i\000\040\000t\000i\036\277\000t\000\040\000c\000h\000o\000\040\000t\036\353\000n\000g\000\040\000b\036\331\000\040\000d\036\357\000\040\000l\000i\036\307\000u}{section.5}% 12
\BOOKMARK [1][-]{section.6}{\376\377\000T\000h\036\355\000\040\000n\000g\000h\000i\036\307\000m\000\040\000c\036\347\000a\000\040\000n\000h\000\363\000m}{}% 13
\BOOKMARK [2][-]{subsection.6.1}{\376\377\000M\000\364\000i\000\040\000t\000r\001\260\036\335\000n\000g\000\040\000t\000h\036\361\000c\000\040\000n\000g\000h\000i\036\307\000m}{section.6}% 14
\BOOKMARK [2][-]{subsection.6.2}{\376\377\000T\000i\036\301\000n\000\040\000x\036\355\000\040\000l\000\375\000\040\000t\000\355\000n\000\040\000h\000i\036\307\000u\000\040\000\342\000m\000\040\000t\000h\000a\000n\000h}{section.6}% 15
\BOOKMARK [2][-]{subsection.6.3}{\376\377\000C\036\245\000u\000\040\000h\000\354\000n\000h\000\040\000m\000\364\000\040\000h\000\354\000n\000h\000\040\000A\000u\000d\000i\000o\000\040\000S\000p\000e\000c\000t\000r\000o\000g\000r\000a\000m\000\040\000T\000r\000a\000n\000s\000f\000o\000r\000m\000e\000r}{section.6}% 16
\BOOKMARK [3][-]{subsubsection.6.3.1}{\376\377\000C\036\245\000u\000\040\000h\000\354\000n\000h\000\040\000A\000S\000T\000-\000S\000\040\000\050\000A\000S\000T\000-\000I\000m\000a\000g\000e\000N\000e\000t\000\051}{subsection.6.3}% 17
\BOOKMARK [3][-]{subsubsection.6.3.2}{\376\377\000C\036\245\000u\000\040\000h\000\354\000n\000h\000\040\000A\000S\000T\000-\000P\000\040\000\050\000A\000S\000T\000-\000I\000m\000a\000g\000e\000N\000e\000t\000,\000\040\000A\000u\000d\000i\000o\000S\000e\000t\000\051}{subsection.6.3}% 18
\BOOKMARK [2][-]{subsection.6.4}{\376\377\000C\000h\000i\036\277\000n\000\040\000l\001\260\036\343\000c\000\040\000h\000u\036\245\000n\000\040\000l\000u\000y\036\307\000n\000\040\000v\000\340\000\040\001\021\000\341\000n\000h\000\040\000g\000i\000\341}{section.6}% 19
\BOOKMARK [1][-]{section.7}{\376\377\001\020\000\341\000n\000h\000\040\000g\000i\000\341\000\040\000v\000\340\000\040\000p\000h\000\342\000n\000\040\000t\000\355\000c\000h\000\040\000k\036\277\000t\000\040\000q\000u\036\243}{}% 20
\BOOKMARK [2][-]{subsection.7.1}{\376\377\000K\036\277\000t\000\040\000q\000u\036\243\000\040\001\021\036\313\000n\000h\000\040\000l\001\260\036\343\000n\000g\000\040\000t\000r\000\352\000n\000\040\000U\000r\000b\000a\000n\000S\000o\000u\000n\000d\0008\000K}{section.7}% 21
\BOOKMARK [2][-]{subsection.7.2}{\376\377\000P\000h\000\342\000n\000\040\000t\000\355\000c\000h\000\040\000c\000o\000n\000f\000u\000s\000i\000o\000n\000\040\000m\000a\000t\000r\000i\000x}{section.7}% 22
\BOOKMARK [2][-]{subsection.7.3}{\376\377\000S\000o\000\040\000s\000\341\000n\000h\000\040\000A\000S\000T\000-\000S\000\040\000v\000\340\000\040\000A\000S\000T\000-\000P}{section.7}% 23
\BOOKMARK [1][-]{section.8}{\376\377\000S\000o\000\040\000s\000\341\000n\000h\000\040\000v\036\333\000i\000\040\000b\000\340\000i\000\040\000b\000\341\000o\000\040\000g\036\321\000c\000\040\000v\000\340\000\040\000t\000h\036\243\000o\000\040\000l\000u\036\255\000n}{}% 24
\BOOKMARK [2][-]{subsection.8.1}{\376\377\000S\000o\000\040\000s\000\341\000n\000h\000\040\001\021\036\313\000n\000h\000\040\000l\001\260\036\343\000n\000g\000\040\000v\036\333\000i\000\040\000b\000\340\000i\000\040\000b\000\341\000o\000\040\000g\036\321\000c}{section.8}% 25
\BOOKMARK [2][-]{subsection.8.2}{\376\377\000S\000o\000\040\000s\000\341\000n\000h\000\040\001\021\036\313\000n\000h\000\040\000l\001\260\036\343\000n\000g\000\040\000v\036\333\000i\000\040\000m\000\364\000\040\000h\000\354\000n\000h\000\040\000C\000N\000N\000\040\000t\000r\000\352\000n\000\040\000U\000r\000b\000a\000n\000S\000o\000u\000n\000d\0008\000K}{section.8}% 26
\BOOKMARK [2][-]{subsection.8.3}{\376\377\001\020\000i\036\303\000m\000\040\000m\036\241\000n\000h\000\040\000v\000\340\000\040\001\021\000i\036\303\000m\000\040\000y\036\277\000u\000\040\000c\036\347\000a\000\040\000m\000\364\000\040\000h\000\354\000n\000h\000\040\000t\000h\036\361\000c\000\040\000n\000g\000h\000i\036\307\000m}{section.8}% 27
\BOOKMARK [2][-]{subsection.8.4}{\376\377\001\020\036\301\000\040\000x\000u\036\245\000t\000\040\000c\036\243\000i\000\040\000t\000i\036\277\000n\000\040\000v\000\340\000\040\000h\001\260\036\333\000n\000g\000\040\000p\000h\000\341\000t\000\040\000t\000r\000i\036\303\000n}{section.8}% 28
\BOOKMARK [1][-]{section.9}{\376\377\000M\000\364\000\040\000t\036\243\000\040\036\351\000n\000g\000\040\000d\036\345\000n\000g}{}% 29
\BOOKMARK [2][-]{subsection.9.1}{\376\377\000C\001\241\000\040\000c\000h\036\277\000\040\000E\000n\000s\000e\000m\000b\000l\000e\000\040\000L\000e\000a\000r\000n\000i\000n\000g}{section.9}% 30
\BOOKMARK [2][-]{subsection.9.2}{\376\377\000H\001\260\036\333\000n\000g\000\040\000d\036\253\000n\000\040\000s\036\355\000\040\000d\036\345\000n\000g}{section.9}% 31
\BOOKMARK [1][-]{section.10}{\376\377\000K\036\277\000t\000\040\000l\000u\036\255\000n}{}% 32
\BOOKMARK [1][-]{section.11}{\376\377\000T\000\340\000i\000\040\000l\000i\036\307\000u\000\040\000t\000h\000a\000m\000\040\000k\000h\036\243\000o}{}% 33
